-------------------------------------------------------------------------------
Test set: com.if7100.controller.UsuarioControllerTest
-------------------------------------------------------------------------------
Tests run: 4, Failures: 1, Errors: 0, Skipped: 0, Time elapsed: 0.201 s <<< FAILURE! - in com.if7100.controller.UsuarioControllerTest
Test2  Time elapsed: 0.007 s  <<< FAILURE!
org.opentest4j.AssertionFailedError: expected: <Johnny> but was: <David>
	at com.if7100.controller.UsuarioControllerTest.Test2(UsuarioControllerTest.java:43)

