-------------------------------------------------------------------------------
Test set: com.if7100.controller.ImputadoControllerTest
-------------------------------------------------------------------------------
Tests run: 5, Failures: 1, Errors: 4, Skipped: 0, Time elapsed: 0.081 s <<< FAILURE! - in com.if7100.controller.ImputadoControllerTest
testDos  Time elapsed: 0.014 s  <<< ERROR!
java.lang.NullPointerException: Cannot invoke "com.if7100.entity.Imputado.getCVNombre()" because "this.consultado" is null
	at com.if7100.controller.ImputadoControllerTest.testDos(ImputadoControllerTest.java:58)

testUno  Time elapsed: 0.014 s  <<< ERROR!
org.springframework.dao.DataIntegrityViolationException: could not execute statement; SQL [n/a]; constraint [null]
	at com.if7100.controller.ImputadoControllerTest.testUno(ImputadoControllerTest.java:51)
Caused by: org.hibernate.exception.ConstraintViolationException: could not execute statement
	at com.if7100.controller.ImputadoControllerTest.testUno(ImputadoControllerTest.java:51)
Caused by: java.sql.SQLIntegrityConstraintViolationException: Column 'CV_Antecedentes' cannot be null
	at com.if7100.controller.ImputadoControllerTest.testUno(ImputadoControllerTest.java:51)

testTres  Time elapsed: 0.011 s  <<< ERROR!
java.lang.NullPointerException: Cannot invoke "com.if7100.entity.Imputado.setCVNombre(String)" because "this.consultado" is null
	at com.if7100.controller.ImputadoControllerTest.testTres(ImputadoControllerTest.java:65)

Test5  Time elapsed: 0.024 s  <<< FAILURE!
org.opentest4j.AssertionFailedError: expected: java.lang.String@2c64e2d0<24> but was: java.lang.Integer@45da40ad<24>
	at com.if7100.controller.ImputadoControllerTest.Test5(ImputadoControllerTest.java:88)

testCuatro  Time elapsed: 0.012 s  <<< ERROR!
org.springframework.dao.InvalidDataAccessApiUsageException: Entity must not be null
	at com.if7100.controller.ImputadoControllerTest.testCuatro(ImputadoControllerTest.java:74)
Caused by: java.lang.IllegalArgumentException: Entity must not be null
	at com.if7100.controller.ImputadoControllerTest.testCuatro(ImputadoControllerTest.java:74)

