-------------------------------------------------------------------------------
Test set: com.if7100.controller.VictimaControllerTest
-------------------------------------------------------------------------------
Tests run: 4, Failures: 0, Errors: 3, Skipped: 0, Time elapsed: 0.038 s <<< FAILURE! - in com.if7100.controller.VictimaControllerTest
Test2  Time elapsed: 0.009 s  <<< ERROR!
org.springframework.dao.IncorrectResultSizeDataAccessException: query did not return a unique result: 6
	at com.if7100.controller.VictimaControllerTest.Test2(VictimaControllerTest.java:54)
Caused by: jakarta.persistence.NonUniqueResultException: query did not return a unique result: 6
	at com.if7100.controller.VictimaControllerTest.Test2(VictimaControllerTest.java:54)

Test3  Time elapsed: 0.011 s  <<< ERROR!
org.springframework.dao.IncorrectResultSizeDataAccessException: query did not return a unique result: 6
	at com.if7100.controller.VictimaControllerTest.Test3(VictimaControllerTest.java:70)
Caused by: jakarta.persistence.NonUniqueResultException: query did not return a unique result: 6
	at com.if7100.controller.VictimaControllerTest.Test3(VictimaControllerTest.java:70)

Test4  Time elapsed: 0.01 s  <<< ERROR!
org.springframework.dao.IncorrectResultSizeDataAccessException: query did not return a unique result: 6
	at com.if7100.controller.VictimaControllerTest.Test4(VictimaControllerTest.java:87)
Caused by: jakarta.persistence.NonUniqueResultException: query did not return a unique result: 6
	at com.if7100.controller.VictimaControllerTest.Test4(VictimaControllerTest.java:87)

