-------------------------------------------------------------------------------
Test set: com.if7100.controller.DependienteControllerTest
-------------------------------------------------------------------------------
Tests run: 3, Failures: 1, Errors: 0, Skipped: 0, Time elapsed: 0.029 s <<< FAILURE! - in com.if7100.controller.DependienteControllerTest
Test2  Time elapsed: 0.006 s  <<< FAILURE!
org.opentest4j.AssertionFailedError: expected: not equal but was: <2>
	at com.if7100.controller.DependienteControllerTest.Test2(DependienteControllerTest.java:42)

