<?xml version="1.0" encoding="UTF-8"?>
<testsuite xmlns:xsi="http://www.w3.org/2001/XMLSchema-instance" xsi:noNamespaceSchemaLocation="https://maven.apache.org/surefire/maven-surefire-plugin/xsd/surefire-test-report.xsd" name="com.if7100.controller.BitacoraControllerTest" time="7.691" tests="4" errors="3" skipped="0" failures="0">
  <properties>
[...]
</properties>
  <testcase name="testDos" classname="com.if7100.controller.BitacoraControllerTest" time="0.474">
    <error message="Cannot invoke &quot;com.if7100.entity.Bitacora.getCVUsuario()&quot; because &quot;this.bitacoraConsultada&quot; is null" type="java.lang.NullPointerException">java.lang.NullPointerException: Cannot invoke "com.if7100.entity.Bitacora.getCVUsuario()" because "this.bitacoraConsultada" is null
	at com.if7100.controller.BitacoraControllerTest.testDos(BitacoraControllerTest.java:42)
</error>
    <system-out><![CDATA[03:44:21.482 [main] DEBUG org.springframework.boot.test.context.SpringBootTestContextBootstrapper -- Neither @ContextConfiguration nor @ContextHierarchy found for test class [BitacoraControllerTest]: using SpringBootContextLoader
03:44:21.487 [main] DEBUG org.springframework.test.context.support.AbstractContextLoader -- Could not detect default resource locations for test class [com.if7100.controller.BitacoraControllerTest]: no resource found for suffixes {-context.xml, Context.groovy}.
03:44:21.488 [main] INFO org.springframework.test.context.support.AnnotationConfigContextLoaderUtils -- Could not detect default configuration classes for test class [com.if7100.controller.BitacoraControllerTest]: BitacoraControllerTest does not declare any static, non-private, non-final, nested classes annotated with @Configuration.
03:44:21.518 [main] DEBUG org.springframework.boot.test.context.SpringBootTestContextBootstrapper -- Using ContextCustomizers for test class [BitacoraControllerTest]: [ExcludeFilterContextCustomizer, DuplicateJsonObjectContextCustomizer, MockitoContextCustomizer, TestRestTemplateContextCustomizer, DisableObservabilityContextCustomizer, PropertyMappingContextCustomizer, Customizer]
03:44:21.677 [main] DEBUG org.springframework.context.annotation.ClassPathScanningCandidateComponentProvider -- Identified candidate component class: file [C:\Users\sloai\OneDrive\Documentos\GitHub\Femicidios\target\classes\com\if7100\FemicidiosApplication.class]
03:44:21.681 [main] INFO org.springframework.boot.test.context.SpringBootTestContextBootstrapper -- Found @SpringBootConfiguration com.if7100.FemicidiosApplication for test class com.if7100.controller.BitacoraControllerTest
03:44:21.807 [main] DEBUG org.springframework.boot.test.context.SpringBootTestContextBootstrapper -- Using TestExecutionListeners for test class [BitacoraControllerTest]: [ServletTestExecutionListener, DirtiesContextBeforeModesTestExecutionListener, ApplicationEventsTestExecutionListener, MockitoTestExecutionListener, DependencyInjectionTestExecutionListener, DirtiesContextTestExecutionListener, TransactionalTestExecutionListener, SqlScriptsTestExecutionListener, EventPublishingTestExecutionListener, ResetMocksTestExecutionListener, RestDocsTestExecutionListener, MockRestServiceServerResetTestExecutionListener, MockMvcPrintOnlyOnFailureTestExecutionListener, WebDriverTestExecutionListener, MockWebServiceServerTestExecutionListener]
03:44:21.810 [main] DEBUG org.springframework.test.context.support.AbstractDirtiesContextTestExecutionListener -- Before test class: class [BitacoraControllerTest], class annotated with @DirtiesContext [false] with mode [null]
03:44:21.821 [main] DEBUG org.springframework.test.context.support.DependencyInjectionTestExecutionListener -- Performing dependency injection for test class com.if7100.controller.BitacoraControllerTest

  .   ____          _            __ _ _
 /\\ / ___'_ __ _ _(_)_ __  __ _ \ \ \ \
( ( )\___ | '_ | '_| | '_ \/ _` | \ \ \ \
 \\/  ___)| |_)| | | | | || (_| |  ) ) ) )
  '  |____| .__|_| |_|_| |_\__, | / / / /
 =========|_|==============|___/=/_/_/_/
 :: Spring Boot ::                (v3.0.5)

2023-07-01T03:44:22.162-06:00  INFO 5412 --- [           main] c.i.controller.BitacoraControllerTest    : Starting BitacoraControllerTest using Java 19.0.2 with PID 5412 (started by sloai in C:\Users\sloai\OneDrive\Documentos\GitHub\Femicidios)
2023-07-01T03:44:22.165-06:00  INFO 5412 --- [           main] c.i.controller.BitacoraControllerTest    : No active profile set, falling back to 1 default profile: "default"
2023-07-01T03:44:22.977-06:00  INFO 5412 --- [           main] .s.d.r.c.RepositoryConfigurationDelegate : Bootstrapping Spring Data JPA repositories in DEFAULT mode.
2023-07-01T03:44:23.116-06:00  INFO 5412 --- [           main] .s.d.r.c.RepositoryConfigurationDelegate : Finished Spring Data repository scanning in 127 ms. Found 23 JPA repository interfaces.
2023-07-01T03:44:23.962-06:00  INFO 5412 --- [           main] o.s.b.w.embedded.tomcat.TomcatWebServer  : Tomcat initialized with port(s): 0 (http)
2023-07-01T03:44:23.977-06:00  INFO 5412 --- [           main] o.apache.catalina.core.StandardService   : Starting service [Tomcat]
2023-07-01T03:44:23.977-06:00  INFO 5412 --- [           main] o.apache.catalina.core.StandardEngine    : Starting Servlet engine: [Apache Tomcat/10.1.7]
2023-07-01T03:44:24.089-06:00  INFO 5412 --- [           main] o.a.c.c.C.[Tomcat].[localhost].[/]       : Initializing Spring embedded WebApplicationContext
2023-07-01T03:44:24.092-06:00  INFO 5412 --- [           main] w.s.c.ServletWebServerApplicationContext : Root WebApplicationContext: initialization completed in 1889 ms
2023-07-01T03:44:24.270-06:00  INFO 5412 --- [           main] com.zaxxer.hikari.HikariDataSource       : HikariPool-1 - Starting...
2023-07-01T03:44:24.745-06:00  INFO 5412 --- [           main] com.zaxxer.hikari.pool.HikariPool        : HikariPool-1 - Added connection com.mysql.cj.jdbc.ConnectionImpl@1247c72e
2023-07-01T03:44:24.747-06:00  INFO 5412 --- [           main] com.zaxxer.hikari.HikariDataSource       : HikariPool-1 - Start completed.
2023-07-01T03:44:24.795-06:00  INFO 5412 --- [           main] o.hibernate.jpa.internal.util.LogHelper  : HHH000204: Processing PersistenceUnitInfo [name: default]
2023-07-01T03:44:24.855-06:00  INFO 5412 --- [           main] org.hibernate.Version                    : HHH000412: Hibernate ORM core version 6.1.7.Final
2023-07-01T03:44:25.255-06:00  INFO 5412 --- [           main] SQL dialect                              : HHH000400: Using dialect: org.hibernate.dialect.MySQLDialect
2023-07-01T03:44:26.285-06:00  INFO 5412 --- [           main] o.h.e.t.j.p.i.JtaPlatformInitiator       : HHH000490: Using JtaPlatform implementation: [org.hibernate.engine.transaction.jta.platform.internal.NoJtaPlatform]
2023-07-01T03:44:26.298-06:00  INFO 5412 --- [           main] j.LocalContainerEntityManagerFactoryBean : Initialized JPA EntityManagerFactory for persistence unit 'default'
2023-07-01T03:44:27.321-06:00  WARN 5412 --- [           main] JpaBaseConfiguration$JpaWebConfiguration : spring.jpa.open-in-view is enabled by default. Therefore, database queries may be performed during view rendering. Explicitly configure spring.jpa.open-in-view to disable this warning
2023-07-01T03:44:27.472-06:00  INFO 5412 --- [           main] o.s.b.a.w.s.WelcomePageHandlerMapping    : Adding welcome page template: index
2023-07-01T03:44:27.907-06:00  INFO 5412 --- [           main] o.s.s.web.DefaultSecurityFilterChain     : Will secure any request with [org.springframework.security.web.session.DisableEncodeUrlFilter@68b4e7b5, org.springframework.security.web.context.request.async.WebAsyncManagerIntegrationFilter@5a88ecb9, org.springframework.security.web.context.SecurityContextHolderFilter@7c07deff, org.springframework.security.web.header.HeaderWriterFilter@dc28d74, org.springframework.security.web.authentication.logout.LogoutFilter@19993ed, org.springframework.security.web.authentication.UsernamePasswordAuthenticationFilter@d4f2f3d, org.springframework.security.web.savedrequest.RequestCacheAwareFilter@664c0466, org.springframework.security.web.servletapi.SecurityContextHolderAwareRequestFilter@2edc6690, org.springframework.security.web.authentication.AnonymousAuthenticationFilter@5ace902e, org.springframework.security.web.access.ExceptionTranslationFilter@1d9016fe, org.springframework.security.web.access.intercept.AuthorizationFilter@57cfb4d8]
2023-07-01T03:44:28.366-06:00  INFO 5412 --- [           main] o.s.b.w.embedded.tomcat.TomcatWebServer  : Tomcat started on port(s): 53396 (http) with context path ''
2023-07-01T03:44:28.378-06:00  INFO 5412 --- [           main] c.i.controller.BitacoraControllerTest    : Started BitacoraControllerTest in 6.522 seconds (process running for 7.821)
]]></system-out>
  </testcase>
  <testcase name="testUno" classname="com.if7100.controller.BitacoraControllerTest" time="0.053"/>
  <testcase name="testTres" classname="com.if7100.controller.BitacoraControllerTest" time="0.011">
    <error message="Cannot invoke &quot;com.if7100.entity.Bitacora.setCVRol(String)&quot; because &quot;this.bitacoraConsultada&quot; is null" type="java.lang.NullPointerException">java.lang.NullPointerException: Cannot invoke "com.if7100.entity.Bitacora.setCVRol(String)" because "this.bitacoraConsultada" is null
	at com.if7100.controller.BitacoraControllerTest.testTres(BitacoraControllerTest.java:49)
</error>
  </testcase>
  <testcase name="testCuatro" classname="com.if7100.controller.BitacoraControllerTest" time="0.009">
    <error message="Cannot invoke &quot;com.if7100.entity.Bitacora.getCIIdBitacora()&quot; because &quot;this.bitacoraConsultada&quot; is null" type="java.lang.NullPointerException">java.lang.NullPointerException: Cannot invoke "com.if7100.entity.Bitacora.getCIIdBitacora()" because "this.bitacoraConsultada" is null
	at com.if7100.controller.BitacoraControllerTest.testCuatro(BitacoraControllerTest.java:57)
</error>
  </testcase>
</testsuite>